<?xml version="1.0" encoding="UTF-8"?>
<testsuite xmlns:xsi="http://www.w3.org/2001/XMLSchema-instance" xsi:noNamespaceSchemaLocation="https://maven.apache.org/surefire/maven-surefire-plugin/xsd/surefire-test-report.xsd" name="postsservice.PostServiceUnitTests" time="2.38" tests="5" errors="0" skipped="0" failures="0">
  <properties>
[...]
</properties>
  <testcase name="updatePost_returnPostMono_successful" classname="postsservice.PostServiceUnitTests" time="0.409"/>
  <testcase name="getAllPosts_returnPostsFlux_successful" classname="postsservice.PostServiceUnitTests" time="0.094"/>
  <testcase name="insertPost_returnPostMono_successful" classname="postsservice.PostServiceUnitTests" time="0.069"/>
  <testcase name="deletePost_returnNothing_successful" classname="postsservice.PostServiceUnitTests" time="0.099"/>
  <testcase name="getPostById_returnPostMono_successful" classname="postsservice.PostServiceUnitTests" time="0.081"/>
</testsuite>